  Ente.cpp
  Entidade.cpp
  Megaman.cpp
C:\Users\Jambr\OneDrive\Documentos\GitHub\Jogo-simao\Megaman++\Megaman++\Entidades\Personagens\Megaman.cpp(20,16): warning C4305: '-=': truncamento de 'double' para 'T'
C:\Users\Jambr\OneDrive\Documentos\GitHub\Jogo-simao\Megaman++\Megaman++\Entidades\Personagens\Megaman.cpp(20,16): warning C4305:         with
C:\Users\Jambr\OneDrive\Documentos\GitHub\Jogo-simao\Megaman++\Megaman++\Entidades\Personagens\Megaman.cpp(20,16): warning C4305:         [
C:\Users\Jambr\OneDrive\Documentos\GitHub\Jogo-simao\Megaman++\Megaman++\Entidades\Personagens\Megaman.cpp(20,16): warning C4305:             T=float
C:\Users\Jambr\OneDrive\Documentos\GitHub\Jogo-simao\Megaman++\Megaman++\Entidades\Personagens\Megaman.cpp(20,16): warning C4305:         ]
C:\Users\Jambr\OneDrive\Documentos\GitHub\Jogo-simao\Megaman++\Megaman++\Entidades\Personagens\Megaman.cpp(23,16): warning C4305: '+=': truncamento de 'double' para 'T'
C:\Users\Jambr\OneDrive\Documentos\GitHub\Jogo-simao\Megaman++\Megaman++\Entidades\Personagens\Megaman.cpp(23,16): warning C4305:         with
C:\Users\Jambr\OneDrive\Documentos\GitHub\Jogo-simao\Megaman++\Megaman++\Entidades\Personagens\Megaman.cpp(23,16): warning C4305:         [
C:\Users\Jambr\OneDrive\Documentos\GitHub\Jogo-simao\Megaman++\Megaman++\Entidades\Personagens\Megaman.cpp(23,16): warning C4305:             T=float
C:\Users\Jambr\OneDrive\Documentos\GitHub\Jogo-simao\Megaman++\Megaman++\Entidades\Personagens\Megaman.cpp(23,16): warning C4305:         ]
C:\Users\Jambr\OneDrive\Documentos\GitHub\Jogo-simao\Megaman++\Megaman++\Entidades\Personagens\Megaman.cpp(26,16): warning C4305: '-=': truncamento de 'double' para 'T'
C:\Users\Jambr\OneDrive\Documentos\GitHub\Jogo-simao\Megaman++\Megaman++\Entidades\Personagens\Megaman.cpp(26,16): warning C4305:         with
C:\Users\Jambr\OneDrive\Documentos\GitHub\Jogo-simao\Megaman++\Megaman++\Entidades\Personagens\Megaman.cpp(26,16): warning C4305:         [
C:\Users\Jambr\OneDrive\Documentos\GitHub\Jogo-simao\Megaman++\Megaman++\Entidades\Personagens\Megaman.cpp(26,16): warning C4305:             T=float
C:\Users\Jambr\OneDrive\Documentos\GitHub\Jogo-simao\Megaman++\Megaman++\Entidades\Personagens\Megaman.cpp(26,16): warning C4305:         ]
C:\Users\Jambr\OneDrive\Documentos\GitHub\Jogo-simao\Megaman++\Megaman++\Entidades\Personagens\Megaman.cpp(29,16): warning C4305: '+=': truncamento de 'double' para 'T'
C:\Users\Jambr\OneDrive\Documentos\GitHub\Jogo-simao\Megaman++\Megaman++\Entidades\Personagens\Megaman.cpp(29,16): warning C4305:         with
C:\Users\Jambr\OneDrive\Documentos\GitHub\Jogo-simao\Megaman++\Megaman++\Entidades\Personagens\Megaman.cpp(29,16): warning C4305:         [
C:\Users\Jambr\OneDrive\Documentos\GitHub\Jogo-simao\Megaman++\Megaman++\Entidades\Personagens\Megaman.cpp(29,16): warning C4305:             T=float
C:\Users\Jambr\OneDrive\Documentos\GitHub\Jogo-simao\Megaman++\Megaman++\Entidades\Personagens\Megaman.cpp(29,16): warning C4305:         ]
C:\Users\Jambr\OneDrive\Documentos\GitHub\Jogo-simao\Megaman++\Megaman++\Entidades\Personagens\Megaman.cpp(34,16): warning C4305: '-=': truncamento de 'double' para 'T'
C:\Users\Jambr\OneDrive\Documentos\GitHub\Jogo-simao\Megaman++\Megaman++\Entidades\Personagens\Megaman.cpp(34,16): warning C4305:         with
C:\Users\Jambr\OneDrive\Documentos\GitHub\Jogo-simao\Megaman++\Megaman++\Entidades\Personagens\Megaman.cpp(34,16): warning C4305:         [
C:\Users\Jambr\OneDrive\Documentos\GitHub\Jogo-simao\Megaman++\Megaman++\Entidades\Personagens\Megaman.cpp(34,16): warning C4305:             T=float
C:\Users\Jambr\OneDrive\Documentos\GitHub\Jogo-simao\Megaman++\Megaman++\Entidades\Personagens\Megaman.cpp(34,16): warning C4305:         ]
C:\Users\Jambr\OneDrive\Documentos\GitHub\Jogo-simao\Megaman++\Megaman++\Entidades\Personagens\Megaman.cpp(37,16): warning C4305: '+=': truncamento de 'double' para 'T'
C:\Users\Jambr\OneDrive\Documentos\GitHub\Jogo-simao\Megaman++\Megaman++\Entidades\Personagens\Megaman.cpp(37,16): warning C4305:         with
C:\Users\Jambr\OneDrive\Documentos\GitHub\Jogo-simao\Megaman++\Megaman++\Entidades\Personagens\Megaman.cpp(37,16): warning C4305:         [
C:\Users\Jambr\OneDrive\Documentos\GitHub\Jogo-simao\Megaman++\Megaman++\Entidades\Personagens\Megaman.cpp(37,16): warning C4305:             T=float
C:\Users\Jambr\OneDrive\Documentos\GitHub\Jogo-simao\Megaman++\Megaman++\Entidades\Personagens\Megaman.cpp(37,16): warning C4305:         ]
C:\Users\Jambr\OneDrive\Documentos\GitHub\Jogo-simao\Megaman++\Megaman++\Entidades\Personagens\Megaman.cpp(40,16): warning C4305: '-=': truncamento de 'double' para 'T'
C:\Users\Jambr\OneDrive\Documentos\GitHub\Jogo-simao\Megaman++\Megaman++\Entidades\Personagens\Megaman.cpp(40,16): warning C4305:         with
C:\Users\Jambr\OneDrive\Documentos\GitHub\Jogo-simao\Megaman++\Megaman++\Entidades\Personagens\Megaman.cpp(40,16): warning C4305:         [
C:\Users\Jambr\OneDrive\Documentos\GitHub\Jogo-simao\Megaman++\Megaman++\Entidades\Personagens\Megaman.cpp(40,16): warning C4305:             T=float
C:\Users\Jambr\OneDrive\Documentos\GitHub\Jogo-simao\Megaman++\Megaman++\Entidades\Personagens\Megaman.cpp(40,16): warning C4305:         ]
C:\Users\Jambr\OneDrive\Documentos\GitHub\Jogo-simao\Megaman++\Megaman++\Entidades\Personagens\Megaman.cpp(43,16): warning C4305: '+=': truncamento de 'double' para 'T'
C:\Users\Jambr\OneDrive\Documentos\GitHub\Jogo-simao\Megaman++\Megaman++\Entidades\Personagens\Megaman.cpp(43,16): warning C4305:         with
C:\Users\Jambr\OneDrive\Documentos\GitHub\Jogo-simao\Megaman++\Megaman++\Entidades\Personagens\Megaman.cpp(43,16): warning C4305:         [
C:\Users\Jambr\OneDrive\Documentos\GitHub\Jogo-simao\Megaman++\Megaman++\Entidades\Personagens\Megaman.cpp(43,16): warning C4305:             T=float
C:\Users\Jambr\OneDrive\Documentos\GitHub\Jogo-simao\Megaman++\Megaman++\Entidades\Personagens\Megaman.cpp(43,16): warning C4305:         ]
  Personagem.cpp
  Fase.cpp
  Gerenciador_Grafico.cpp
  Jogo.cpp
  ListaEntidades.cpp
  Menu.cpp
  main.cpp
  Gerando Código...
  Megaman++.vcxproj -> C:\Users\Jambr\OneDrive\Documentos\GitHub\Jogo-simao\Megaman++\Debug\Megaman++.exe
