c:\users\jambr\onedrive\documentos\github\jogo-simao\megaman++\megaman++\debug\vc143.pdb
c:\users\jambr\onedrive\documentos\github\jogo-simao\megaman++\megaman++\debug\vc143.idb
c:\users\jambr\onedrive\documentos\github\jogo-simao\megaman++\megaman++\debug\menu.obj
c:\users\jambr\onedrive\documentos\github\jogo-simao\megaman++\megaman++\debug\main.obj
c:\users\jambr\onedrive\documentos\github\jogo-simao\megaman++\megaman++\debug\listaentidades.obj
c:\users\jambr\onedrive\documentos\github\jogo-simao\megaman++\megaman++\debug\jogo.obj
c:\users\jambr\onedrive\documentos\github\jogo-simao\megaman++\megaman++\debug\gerenciador_grafico.obj
c:\users\jambr\onedrive\documentos\github\jogo-simao\megaman++\megaman++\debug\gerenciador_colisoes.obj
c:\users\jambr\onedrive\documentos\github\jogo-simao\megaman++\megaman++\debug\fase.obj
c:\users\jambr\onedrive\documentos\github\jogo-simao\megaman++\megaman++\debug\projetilmegaman.obj
c:\users\jambr\onedrive\documentos\github\jogo-simao\megaman++\megaman++\debug\projetil.obj
c:\users\jambr\onedrive\documentos\github\jogo-simao\megaman++\megaman++\debug\personagem.obj
c:\users\jambr\onedrive\documentos\github\jogo-simao\megaman++\megaman++\debug\metall.obj
c:\users\jambr\onedrive\documentos\github\jogo-simao\megaman++\megaman++\debug\bigeye.obj
c:\users\jambr\onedrive\documentos\github\jogo-simao\megaman++\megaman++\debug\obstaculo.obj
c:\users\jambr\onedrive\documentos\github\jogo-simao\megaman++\megaman++\debug\entidade.obj
c:\users\jambr\onedrive\documentos\github\jogo-simao\megaman++\megaman++\debug\ente.obj
c:\users\jambr\onedrive\documentos\github\jogo-simao\megaman++\megaman++\debug\megaman.obj
c:\users\jambr\onedrive\documentos\github\jogo-simao\megaman++\megaman++\debug\inimigo.obj
c:\users\jambr\onedrive\documentos\github\jogo-simao\megaman++\megaman++\debug\megaman++.ilk
c:\users\jambr\onedrive\documentos\github\jogo-simao\megaman++\megaman++\debug\inimmed.obj
c:\users\jambr\onedrive\documentos\github\jogo-simao\megaman++\megaman++\debug\megaman++.obj
c:\users\jambr\onedrive\documentos\github\jogo-simao\megaman++\megaman++\debug\ente.obj.enc
c:\users\jambr\onedrive\documentos\github\jogo-simao\megaman++\debug\megaman++.pdb
c:\users\jambr\onedrive\documentos\github\jogo-simao\megaman++\megaman++\debug\megaman++.tlog\cl.command.1.tlog
c:\users\jambr\onedrive\documentos\github\jogo-simao\megaman++\megaman++\debug\megaman++.tlog\cl.items.tlog
c:\users\jambr\onedrive\documentos\github\jogo-simao\megaman++\megaman++\debug\megaman++.tlog\cl.read.1.tlog
c:\users\jambr\onedrive\documentos\github\jogo-simao\megaman++\megaman++\debug\megaman++.tlog\cl.write.1.tlog
c:\users\jambr\onedrive\documentos\github\jogo-simao\megaman++\megaman++\debug\megaman++.tlog\link-cvtres.read.1.tlog
c:\users\jambr\onedrive\documentos\github\jogo-simao\megaman++\megaman++\debug\megaman++.tlog\link-cvtres.write.1.tlog
c:\users\jambr\onedrive\documentos\github\jogo-simao\megaman++\megaman++\debug\megaman++.tlog\link-rc.read.1.tlog
c:\users\jambr\onedrive\documentos\github\jogo-simao\megaman++\megaman++\debug\megaman++.tlog\link-rc.write.1.tlog
c:\users\jambr\onedrive\documentos\github\jogo-simao\megaman++\megaman++\debug\megaman++.tlog\link.31192-cvtres.read.1.tlog
c:\users\jambr\onedrive\documentos\github\jogo-simao\megaman++\megaman++\debug\megaman++.tlog\link.31192-cvtres.write.1.tlog
c:\users\jambr\onedrive\documentos\github\jogo-simao\megaman++\megaman++\debug\megaman++.tlog\link.31192-rc.read.1.tlog
c:\users\jambr\onedrive\documentos\github\jogo-simao\megaman++\megaman++\debug\megaman++.tlog\link.31192-rc.write.1.tlog
c:\users\jambr\onedrive\documentos\github\jogo-simao\megaman++\megaman++\debug\megaman++.tlog\link.31192.read.1.tlog
c:\users\jambr\onedrive\documentos\github\jogo-simao\megaman++\megaman++\debug\megaman++.tlog\link.31192.write.1.tlog
c:\users\jambr\onedrive\documentos\github\jogo-simao\megaman++\megaman++\debug\megaman++.tlog\link.command.1.tlog
c:\users\jambr\onedrive\documentos\github\jogo-simao\megaman++\megaman++\debug\megaman++.tlog\link.read.1.tlog
c:\users\jambr\onedrive\documentos\github\jogo-simao\megaman++\megaman++\debug\megaman++.tlog\link.secondary.1.tlog
c:\users\jambr\onedrive\documentos\github\jogo-simao\megaman++\megaman++\debug\megaman++.tlog\link.write.1.tlog
